2026-03-04 12:39:57,102 - 
==================================================
=== Exp 3 (Latent MAE): vial ===
==================================================
2026-03-04 12:39:57,716 - HTTP Request: HEAD https://huggingface.co/facebook/dinov3-vitb16-pretrain-lvd1689m/resolve/main/config.json "HTTP/1.1 200 OK"
2026-03-04 12:39:58,694 - Training Latent Transformer...
2026-03-04 12:51:16,053 - Epoch 1 Loss: 71.2143
2026-03-04 13:02:27,888 - Epoch 2 Loss: 20.9827
2026-03-04 13:13:40,256 - Epoch 3 Loss: 13.6905
2026-03-04 13:24:52,571 - Epoch 4 Loss: 11.1661
2026-03-04 13:36:04,952 - Epoch 5 Loss: 9.6051
2026-03-04 13:47:17,332 - Epoch 6 Loss: 8.4578
2026-03-04 13:58:30,357 - Epoch 7 Loss: 7.6074
2026-03-04 14:09:43,224 - Epoch 8 Loss: 7.0171
2026-03-04 14:20:56,016 - Epoch 9 Loss: 6.5006
2026-03-04 14:32:09,471 - Epoch 10 Loss: 6.1109
2026-03-04 14:43:21,953 - Epoch 11 Loss: 5.6909
2026-03-04 14:54:34,700 - Epoch 12 Loss: 5.4396
2026-03-04 15:05:47,213 - Epoch 13 Loss: 5.1360
2026-03-04 15:16:59,862 - Epoch 14 Loss: 4.9270
2026-03-04 15:28:12,409 - Epoch 15 Loss: 4.7317
2026-03-04 15:28:12,602 - Training Complete & Saved.
2026-03-04 15:29:32,248 - Baseline -> Mu: 0.025016 | Sigma: 0.023220
2026-03-04 15:32:58,341 - 
--- Continuous Metrics ---
2026-03-04 15:35:09,132 - AU-PRO (0.3): 0.8875
2026-03-04 15:35:10,572 - 
--- Sigma Sweep (SegF1) ---
2026-03-04 15:35:40,072 - Sigma x1 | Thresh: 0.048236 | SegF1: 0.2307
2026-03-04 15:36:09,470 - Sigma x3 | Thresh: 0.094677 | SegF1: 0.3066
2026-03-04 15:36:38,698 - Sigma x5 | Thresh: 0.141117 | SegF1: 0.2776
2026-03-04 15:37:08,032 - Sigma x7 | Thresh: 0.187558 | SegF1: 0.2201
2026-03-04 15:37:08,032 - 
✅ WINNER: Sigma x3 (SegF1: 0.3066)
2026-03-04 15:37:20,039 - 
==================================================
=== Exp 3 (Latent MAE): sheet_metal ===
==================================================
2026-03-04 15:37:20,652 - HTTP Request: HEAD https://huggingface.co/facebook/dinov3-vitb16-pretrain-lvd1689m/resolve/main/config.json "HTTP/1.1 200 OK"
2026-03-04 15:37:21,198 - Training Latent Transformer...
2026-03-04 15:51:20,989 - Epoch 1 Loss: 83.9234
2026-03-04 16:05:23,827 - Epoch 2 Loss: 44.3087
2026-03-04 16:19:26,898 - Epoch 3 Loss: 22.5782
2026-03-04 16:33:29,919 - Epoch 4 Loss: 16.7315
2026-03-04 16:47:34,585 - Epoch 5 Loss: 14.6475
2026-03-04 17:01:39,718 - Epoch 6 Loss: 13.4929
2026-03-04 17:15:43,430 - Epoch 7 Loss: 12.3825
2026-03-04 17:29:45,524 - Epoch 8 Loss: 11.7345
2026-03-04 17:43:47,577 - Epoch 9 Loss: 11.3745
2026-03-04 17:57:49,524 - Epoch 10 Loss: 10.7498
2026-03-04 18:11:51,619 - Epoch 11 Loss: 10.4715
2026-03-04 18:25:53,646 - Epoch 12 Loss: 10.2185
2026-03-04 18:39:55,820 - Epoch 13 Loss: 9.8049
2026-03-04 18:53:57,965 - Epoch 14 Loss: 9.5882
2026-03-04 19:08:00,182 - Epoch 15 Loss: 9.3018
2026-03-04 19:08:00,397 - Training Complete & Saved.
2026-03-04 19:09:35,458 - Baseline -> Mu: 0.055596 | Sigma: 0.016434
2026-03-04 19:17:09,029 - 
--- Continuous Metrics ---
2026-03-04 19:20:08,362 - AU-PRO (0.3): 0.3633
2026-03-04 19:20:10,731 - 
--- Sigma Sweep (SegF1) ---
2026-03-04 19:20:59,096 - Sigma x1 | Thresh: 0.072030 | SegF1: 0.0201
2026-03-04 19:21:48,079 - Sigma x3 | Thresh: 0.104899 | SegF1: 0.0673
2026-03-04 19:22:37,012 - Sigma x5 | Thresh: 0.137767 | SegF1: 0.2340
2026-03-04 19:23:25,946 - Sigma x7 | Thresh: 0.170636 | SegF1: 0.3962
2026-03-04 19:23:25,947 - 
✅ WINNER: Sigma x7 (SegF1: 0.3962)
