2026-03-04 11:40:09,605 - 
==================================================
=== Tuning Exp 1 (MAE): vial ===
==================================================
2026-03-04 11:40:10,924 - HTTP Request: HEAD https://huggingface.co/facebook/vit-mae-base/resolve/main/processor_config.json "HTTP/1.1 404 Not Found"
2026-03-04 11:40:11,123 - HTTP Request: HEAD https://huggingface.co/facebook/vit-mae-base/resolve/main/preprocessor_config.json "HTTP/1.1 307 Temporary Redirect"
2026-03-04 11:40:11,189 - HTTP Request: HEAD https://huggingface.co/api/resolve-cache/models/facebook/vit-mae-base/25b184bea5538bf5c4c852c79d221195fdd2778d/preprocessor_config.json "HTTP/1.1 200 OK"
2026-03-04 11:40:11,387 - HTTP Request: HEAD https://huggingface.co/facebook/vit-mae-base/resolve/main/config.json "HTTP/1.1 307 Temporary Redirect"
2026-03-04 11:40:11,454 - HTTP Request: HEAD https://huggingface.co/api/resolve-cache/models/facebook/vit-mae-base/25b184bea5538bf5c4c852c79d221195fdd2778d/config.json "HTTP/1.1 200 OK"
2026-03-04 11:40:11,656 - HTTP Request: HEAD https://huggingface.co/facebook/vit-mae-base/resolve/main/processor_config.json "HTTP/1.1 404 Not Found"
2026-03-04 11:40:11,852 - HTTP Request: HEAD https://huggingface.co/facebook/vit-mae-base/resolve/main/preprocessor_config.json "HTTP/1.1 307 Temporary Redirect"
2026-03-04 11:40:11,919 - HTTP Request: HEAD https://huggingface.co/api/resolve-cache/models/facebook/vit-mae-base/25b184bea5538bf5c4c852c79d221195fdd2778d/preprocessor_config.json "HTTP/1.1 200 OK"
2026-03-04 11:41:20,909 - Baseline -> Mu: 0.153067 | Sigma: 0.276122
2026-03-04 11:41:21,286 - HTTP Request: HEAD https://huggingface.co/facebook/vit-mae-base/resolve/main/processor_config.json "HTTP/1.1 404 Not Found"
2026-03-04 11:41:21,486 - HTTP Request: HEAD https://huggingface.co/facebook/vit-mae-base/resolve/main/preprocessor_config.json "HTTP/1.1 307 Temporary Redirect"
2026-03-04 11:41:21,554 - HTTP Request: HEAD https://huggingface.co/api/resolve-cache/models/facebook/vit-mae-base/25b184bea5538bf5c4c852c79d221195fdd2778d/preprocessor_config.json "HTTP/1.1 200 OK"
2026-03-04 11:41:21,755 - HTTP Request: HEAD https://huggingface.co/facebook/vit-mae-base/resolve/main/config.json "HTTP/1.1 307 Temporary Redirect"
2026-03-04 11:41:21,823 - HTTP Request: HEAD https://huggingface.co/api/resolve-cache/models/facebook/vit-mae-base/25b184bea5538bf5c4c852c79d221195fdd2778d/config.json "HTTP/1.1 200 OK"
2026-03-04 11:41:22,019 - HTTP Request: HEAD https://huggingface.co/facebook/vit-mae-base/resolve/main/processor_config.json "HTTP/1.1 404 Not Found"
2026-03-04 11:41:22,218 - HTTP Request: HEAD https://huggingface.co/facebook/vit-mae-base/resolve/main/preprocessor_config.json "HTTP/1.1 307 Temporary Redirect"
2026-03-04 11:41:22,285 - HTTP Request: HEAD https://huggingface.co/api/resolve-cache/models/facebook/vit-mae-base/25b184bea5538bf5c4c852c79d221195fdd2778d/preprocessor_config.json "HTTP/1.1 200 OK"
2026-03-04 11:47:28,631 - 
--- Continuous Metrics ---
2026-03-04 11:47:31,118 - AU-PRO (up to 0.3 FPR): 0.7108
2026-03-04 11:47:31,145 - 
--- Sigma Sweep (SegF1) ---
2026-03-04 11:47:31,748 - Sigma x1 | Thresh: 0.429189 | SegF1: 0.2038
2026-03-04 11:47:32,308 - Sigma x3 | Thresh: 0.981432 | SegF1: 0.2361
2026-03-04 11:47:32,870 - Sigma x5 | Thresh: 1.533676 | SegF1: 0.1739
2026-03-04 11:47:33,430 - Sigma x7 | Thresh: 2.085919 | SegF1: 0.1143
2026-03-04 11:47:33,430 - 
✅ WINNER: Sigma x3 (SegF1: 0.2361)
2026-03-04 11:47:35,979 - 
==================================================
=== Tuning Exp 1 (MAE): sheet_metal ===
==================================================
2026-03-04 11:47:37,116 - HTTP Request: HEAD https://huggingface.co/facebook/vit-mae-base/resolve/main/processor_config.json "HTTP/1.1 404 Not Found"
2026-03-04 11:47:37,332 - HTTP Request: HEAD https://huggingface.co/facebook/vit-mae-base/resolve/main/preprocessor_config.json "HTTP/1.1 307 Temporary Redirect"
2026-03-04 11:47:37,408 - HTTP Request: HEAD https://huggingface.co/api/resolve-cache/models/facebook/vit-mae-base/25b184bea5538bf5c4c852c79d221195fdd2778d/preprocessor_config.json "HTTP/1.1 200 OK"
2026-03-04 11:47:37,619 - HTTP Request: HEAD https://huggingface.co/facebook/vit-mae-base/resolve/main/config.json "HTTP/1.1 307 Temporary Redirect"
2026-03-04 11:47:37,696 - HTTP Request: HEAD https://huggingface.co/api/resolve-cache/models/facebook/vit-mae-base/25b184bea5538bf5c4c852c79d221195fdd2778d/config.json "HTTP/1.1 200 OK"
2026-03-04 11:47:37,902 - HTTP Request: HEAD https://huggingface.co/facebook/vit-mae-base/resolve/main/processor_config.json "HTTP/1.1 404 Not Found"
2026-03-04 11:47:38,106 - HTTP Request: HEAD https://huggingface.co/facebook/vit-mae-base/resolve/main/preprocessor_config.json "HTTP/1.1 307 Temporary Redirect"
2026-03-04 11:47:38,183 - HTTP Request: HEAD https://huggingface.co/api/resolve-cache/models/facebook/vit-mae-base/25b184bea5538bf5c4c852c79d221195fdd2778d/preprocessor_config.json "HTTP/1.1 200 OK"
2026-03-04 11:48:40,717 - Baseline -> Mu: 0.330685 | Sigma: 0.232336
2026-03-04 11:48:41,214 - HTTP Request: HEAD https://huggingface.co/facebook/vit-mae-base/resolve/main/processor_config.json "HTTP/1.1 404 Not Found"
2026-03-04 11:48:41,413 - HTTP Request: HEAD https://huggingface.co/facebook/vit-mae-base/resolve/main/preprocessor_config.json "HTTP/1.1 307 Temporary Redirect"
2026-03-04 11:48:41,477 - HTTP Request: HEAD https://huggingface.co/api/resolve-cache/models/facebook/vit-mae-base/25b184bea5538bf5c4c852c79d221195fdd2778d/preprocessor_config.json "HTTP/1.1 200 OK"
2026-03-04 11:48:41,675 - HTTP Request: HEAD https://huggingface.co/facebook/vit-mae-base/resolve/main/config.json "HTTP/1.1 307 Temporary Redirect"
2026-03-04 11:48:41,740 - HTTP Request: HEAD https://huggingface.co/api/resolve-cache/models/facebook/vit-mae-base/25b184bea5538bf5c4c852c79d221195fdd2778d/config.json "HTTP/1.1 200 OK"
2026-03-04 11:48:41,937 - HTTP Request: HEAD https://huggingface.co/facebook/vit-mae-base/resolve/main/processor_config.json "HTTP/1.1 404 Not Found"
2026-03-04 11:48:42,129 - HTTP Request: HEAD https://huggingface.co/facebook/vit-mae-base/resolve/main/preprocessor_config.json "HTTP/1.1 307 Temporary Redirect"
2026-03-04 11:48:42,193 - HTTP Request: HEAD https://huggingface.co/api/resolve-cache/models/facebook/vit-mae-base/25b184bea5538bf5c4c852c79d221195fdd2778d/preprocessor_config.json "HTTP/1.1 200 OK"
2026-03-04 11:54:00,884 - 
--- Continuous Metrics ---
2026-03-04 11:54:03,386 - AU-PRO (up to 0.3 FPR): 0.2402
2026-03-04 11:54:03,400 - 
--- Sigma Sweep (SegF1) ---
2026-03-04 11:54:03,898 - Sigma x1 | Thresh: 0.563021 | SegF1: 0.0435
2026-03-04 11:54:04,347 - Sigma x3 | Thresh: 1.027692 | SegF1: 0.1194
2026-03-04 11:54:04,786 - Sigma x5 | Thresh: 1.492363 | SegF1: 0.1403
2026-03-04 11:54:05,227 - Sigma x7 | Thresh: 1.957035 | SegF1: 0.0832
2026-03-04 11:54:05,227 - 
✅ WINNER: Sigma x5 (SegF1: 0.1403)
